mode: set
github.com/YaganovValera/analytics-system/services/market-data-collector/pkg/backoff/backoff.go:34.40,36.2 1 0
github.com/YaganovValera/analytics-system/services/market-data-collector/pkg/backoff/backoff.go:37.40,37.56 1 0
github.com/YaganovValera/analytics-system/services/market-data-collector/pkg/backoff/backoff.go:47.20,65.2 4 1
github.com/YaganovValera/analytics-system/services/market-data-collector/pkg/backoff/backoff.go:69.91,71.25 1 1
github.com/YaganovValera/analytics-system/services/market-data-collector/pkg/backoff/backoff.go:71.25,74.3 2 1
github.com/YaganovValera/analytics-system/services/market-data-collector/pkg/backoff/backoff.go:77.2,77.30 1 1
github.com/YaganovValera/analytics-system/services/market-data-collector/pkg/backoff/backoff.go:77.30,79.3 1 1
github.com/YaganovValera/analytics-system/services/market-data-collector/pkg/backoff/backoff.go:80.2,80.34 1 1
github.com/YaganovValera/analytics-system/services/market-data-collector/pkg/backoff/backoff.go:80.34,82.3 1 1
github.com/YaganovValera/analytics-system/services/market-data-collector/pkg/backoff/backoff.go:83.2,83.25 1 1
github.com/YaganovValera/analytics-system/services/market-data-collector/pkg/backoff/backoff.go:83.25,85.3 1 1
github.com/YaganovValera/analytics-system/services/market-data-collector/pkg/backoff/backoff.go:86.2,86.26 1 1
github.com/YaganovValera/analytics-system/services/market-data-collector/pkg/backoff/backoff.go:86.26,88.3 1 1
github.com/YaganovValera/analytics-system/services/market-data-collector/pkg/backoff/backoff.go:91.2,96.28 6 1
github.com/YaganovValera/analytics-system/services/market-data-collector/pkg/backoff/backoff.go:96.28,98.3 1 1
github.com/YaganovValera/analytics-system/services/market-data-collector/pkg/backoff/backoff.go:98.8,100.3 1 0
github.com/YaganovValera/analytics-system/services/market-data-collector/pkg/backoff/backoff.go:104.2,108.28 3 1
github.com/YaganovValera/analytics-system/services/market-data-collector/pkg/backoff/backoff.go:108.28,111.32 2 1
github.com/YaganovValera/analytics-system/services/market-data-collector/pkg/backoff/backoff.go:111.32,115.4 3 0
github.com/YaganovValera/analytics-system/services/market-data-collector/pkg/backoff/backoff.go:116.3,116.17 1 1
github.com/YaganovValera/analytics-system/services/market-data-collector/pkg/backoff/backoff.go:120.2,120.49 1 1
github.com/YaganovValera/analytics-system/services/market-data-collector/pkg/backoff/backoff.go:120.49,128.3 3 1
github.com/YaganovValera/analytics-system/services/market-data-collector/pkg/backoff/backoff.go:131.2,132.16 2 1
github.com/YaganovValera/analytics-system/services/market-data-collector/pkg/backoff/backoff.go:132.16,139.3 3 1
github.com/YaganovValera/analytics-system/services/market-data-collector/pkg/backoff/backoff.go:141.2,142.12 2 1
github.com/YaganovValera/analytics-system/services/market-data-collector/pkg/logger/logger.go:31.39,33.56 2 1
github.com/YaganovValera/analytics-system/services/market-data-collector/pkg/logger/logger.go:33.56,35.3 1 1
github.com/YaganovValera/analytics-system/services/market-data-collector/pkg/logger/logger.go:36.2,37.16 2 1
github.com/YaganovValera/analytics-system/services/market-data-collector/pkg/logger/logger.go:37.16,39.3 1 0
github.com/YaganovValera/analytics-system/services/market-data-collector/pkg/logger/logger.go:40.2,40.30 1 1
github.com/YaganovValera/analytics-system/services/market-data-collector/pkg/logger/logger.go:44.42,45.9 1 1
github.com/YaganovValera/analytics-system/services/market-data-collector/pkg/logger/logger.go:45.9,47.3 1 1
github.com/YaganovValera/analytics-system/services/market-data-collector/pkg/logger/logger.go:48.2,57.13 9 1
github.com/YaganovValera/analytics-system/services/market-data-collector/pkg/logger/logger.go:61.55,63.57 2 1
github.com/YaganovValera/analytics-system/services/market-data-collector/pkg/logger/logger.go:63.57,65.3 1 1
github.com/YaganovValera/analytics-system/services/market-data-collector/pkg/logger/logger.go:66.2,67.12 2 1
github.com/YaganovValera/analytics-system/services/market-data-collector/pkg/logger/logger.go:71.25,73.2 1 1
github.com/YaganovValera/analytics-system/services/market-data-collector/pkg/logger/logger.go:76.45,78.2 1 0
github.com/YaganovValera/analytics-system/services/market-data-collector/pkg/logger/logger.go:81.59,83.42 2 1
github.com/YaganovValera/analytics-system/services/market-data-collector/pkg/logger/logger.go:83.42,84.32 1 1
github.com/YaganovValera/analytics-system/services/market-data-collector/pkg/logger/logger.go:84.32,86.4 1 1
github.com/YaganovValera/analytics-system/services/market-data-collector/pkg/logger/logger.go:88.2,88.44 1 1
github.com/YaganovValera/analytics-system/services/market-data-collector/pkg/logger/logger.go:88.44,89.32 1 1
github.com/YaganovValera/analytics-system/services/market-data-collector/pkg/logger/logger.go:89.32,91.4 1 1
github.com/YaganovValera/analytics-system/services/market-data-collector/pkg/logger/logger.go:93.2,93.21 1 1
github.com/YaganovValera/analytics-system/services/market-data-collector/pkg/logger/logger.go:93.21,95.3 1 1
github.com/YaganovValera/analytics-system/services/market-data-collector/pkg/logger/logger.go:96.2,96.10 1 0
github.com/YaganovValera/analytics-system/services/market-data-collector/pkg/logger/logger.go:100.56,102.2 1 1
github.com/YaganovValera/analytics-system/services/market-data-collector/pkg/logger/logger.go:105.57,107.2 1 0
github.com/YaganovValera/analytics-system/services/market-data-collector/pkg/logger/logger.go:110.56,112.2 1 0
github.com/YaganovValera/analytics-system/services/market-data-collector/pkg/logger/logger.go:115.57,117.2 1 0
github.com/YaganovValera/analytics-system/services/market-data-collector/pkg/logger/logger.go:120.74,122.2 1 1
github.com/YaganovValera/analytics-system/services/market-data-collector/pkg/logger/logger.go:125.76,127.2 1 1
github.com/YaganovValera/analytics-system/services/market-data-collector/pkg/telemetry/otel.go:31.107,33.44 2 1
github.com/YaganovValera/analytics-system/services/market-data-collector/pkg/telemetry/otel.go:33.44,35.3 1 0
github.com/YaganovValera/analytics-system/services/market-data-collector/pkg/telemetry/otel.go:38.2,42.16 4 1
github.com/YaganovValera/analytics-system/services/market-data-collector/pkg/telemetry/otel.go:42.16,45.3 2 0
github.com/YaganovValera/analytics-system/services/market-data-collector/pkg/telemetry/otel.go:47.2,48.16 2 1
github.com/YaganovValera/analytics-system/services/market-data-collector/pkg/telemetry/otel.go:48.16,51.3 2 0
github.com/YaganovValera/analytics-system/services/market-data-collector/pkg/telemetry/otel.go:53.2,69.41 5 1
github.com/YaganovValera/analytics-system/services/market-data-collector/pkg/telemetry/otel.go:69.41,72.42 3 1
github.com/YaganovValera/analytics-system/services/market-data-collector/pkg/telemetry/otel.go:72.42,75.4 2 0
github.com/YaganovValera/analytics-system/services/market-data-collector/pkg/telemetry/otel.go:76.3,77.13 2 1
github.com/YaganovValera/analytics-system/services/market-data-collector/pkg/telemetry/otel.go:81.33,82.22 1 1
github.com/YaganovValera/analytics-system/services/market-data-collector/pkg/telemetry/otel.go:82.22,84.3 1 1
github.com/YaganovValera/analytics-system/services/market-data-collector/pkg/telemetry/otel.go:85.2,85.30 1 1
github.com/YaganovValera/analytics-system/services/market-data-collector/pkg/telemetry/otel.go:85.30,87.3 1 1
github.com/YaganovValera/analytics-system/services/market-data-collector/pkg/telemetry/otel.go:88.2,88.51 1 1
github.com/YaganovValera/analytics-system/services/market-data-collector/pkg/telemetry/otel.go:88.51,90.3 1 1
github.com/YaganovValera/analytics-system/services/market-data-collector/pkg/telemetry/otel.go:93.39,94.24 1 1
github.com/YaganovValera/analytics-system/services/market-data-collector/pkg/telemetry/otel.go:94.24,96.3 1 1
github.com/YaganovValera/analytics-system/services/market-data-collector/pkg/telemetry/otel.go:97.2,97.27 1 1
github.com/YaganovValera/analytics-system/services/market-data-collector/pkg/telemetry/otel.go:97.27,99.3 1 1
github.com/YaganovValera/analytics-system/services/market-data-collector/pkg/telemetry/otel.go:100.2,100.30 1 1
github.com/YaganovValera/analytics-system/services/market-data-collector/pkg/telemetry/otel.go:100.30,102.3 1 1
github.com/YaganovValera/analytics-system/services/market-data-collector/pkg/telemetry/otel.go:103.2,103.12 1 1
github.com/YaganovValera/analytics-system/services/market-data-collector/pkg/telemetry/otel.go:107.82,112.18 2 1
github.com/YaganovValera/analytics-system/services/market-data-collector/pkg/telemetry/otel.go:112.18,114.3 1 1
github.com/YaganovValera/analytics-system/services/market-data-collector/pkg/telemetry/otel.go:115.2,115.40 1 1
github.com/YaganovValera/analytics-system/services/market-data-collector/pkg/telemetry/otel.go:118.58,127.2 1 1
github.com/YaganovValera/analytics-system/services/market-data-collector/pkg/telemetry/otel.go:129.112,136.2 2 1
github.com/YaganovValera/analytics-system/services/market-data-collector/pkg/kafka/producer.go:69.34,70.20 1 1
github.com/YaganovValera/analytics-system/services/market-data-collector/pkg/kafka/producer.go:70.20,72.3 1 1
github.com/YaganovValera/analytics-system/services/market-data-collector/pkg/kafka/producer.go:73.2,73.26 1 1
github.com/YaganovValera/analytics-system/services/market-data-collector/pkg/kafka/producer.go:73.26,75.3 1 1
github.com/YaganovValera/analytics-system/services/market-data-collector/pkg/kafka/producer.go:76.2,76.25 1 1
github.com/YaganovValera/analytics-system/services/market-data-collector/pkg/kafka/producer.go:76.25,78.3 1 1
github.com/YaganovValera/analytics-system/services/market-data-collector/pkg/kafka/producer.go:81.35,82.25 1 1
github.com/YaganovValera/analytics-system/services/market-data-collector/pkg/kafka/producer.go:82.25,84.3 1 1
github.com/YaganovValera/analytics-system/services/market-data-collector/pkg/kafka/producer.go:85.2,85.12 1 1
github.com/YaganovValera/analytics-system/services/market-data-collector/pkg/kafka/producer.go:88.58,90.41 2 1
github.com/YaganovValera/analytics-system/services/market-data-collector/pkg/kafka/producer.go:91.13,92.47 1 1
github.com/YaganovValera/analytics-system/services/market-data-collector/pkg/kafka/producer.go:93.16,94.49 1 1
github.com/YaganovValera/analytics-system/services/market-data-collector/pkg/kafka/producer.go:95.14,96.47 1 1
github.com/YaganovValera/analytics-system/services/market-data-collector/pkg/kafka/producer.go:97.10,98.75 1 1
github.com/YaganovValera/analytics-system/services/market-data-collector/pkg/kafka/producer.go:100.2,104.34 4 1
github.com/YaganovValera/analytics-system/services/market-data-collector/pkg/kafka/producer.go:104.34,106.3 1 0
github.com/YaganovValera/analytics-system/services/market-data-collector/pkg/kafka/producer.go:107.2,107.33 1 1
github.com/YaganovValera/analytics-system/services/market-data-collector/pkg/kafka/producer.go:107.33,109.3 1 0
github.com/YaganovValera/analytics-system/services/market-data-collector/pkg/kafka/producer.go:111.2,111.40 1 1
github.com/YaganovValera/analytics-system/services/market-data-collector/pkg/kafka/producer.go:112.14,113.51 1 1
github.com/YaganovValera/analytics-system/services/market-data-collector/pkg/kafka/producer.go:114.14,115.51 1 1
github.com/YaganovValera/analytics-system/services/market-data-collector/pkg/kafka/producer.go:116.16,117.53 1 1
github.com/YaganovValera/analytics-system/services/market-data-collector/pkg/kafka/producer.go:118.13,119.50 1 1
github.com/YaganovValera/analytics-system/services/market-data-collector/pkg/kafka/producer.go:120.14,121.51 1 1
github.com/YaganovValera/analytics-system/services/market-data-collector/pkg/kafka/producer.go:122.10,123.73 1 1
github.com/YaganovValera/analytics-system/services/market-data-collector/pkg/kafka/producer.go:126.2,129.16 3 1
github.com/YaganovValera/analytics-system/services/market-data-collector/pkg/kafka/producer.go:139.89,141.39 2 1
github.com/YaganovValera/analytics-system/services/market-data-collector/pkg/kafka/producer.go:141.39,143.3 1 1
github.com/YaganovValera/analytics-system/services/market-data-collector/pkg/kafka/producer.go:144.2,147.16 3 1
github.com/YaganovValera/analytics-system/services/market-data-collector/pkg/kafka/producer.go:147.16,149.3 1 1
github.com/YaganovValera/analytics-system/services/market-data-collector/pkg/kafka/producer.go:151.2,152.16 2 0
github.com/YaganovValera/analytics-system/services/market-data-collector/pkg/kafka/producer.go:152.16,154.3 1 0
github.com/YaganovValera/analytics-system/services/market-data-collector/pkg/kafka/producer.go:157.2,158.45 2 0
github.com/YaganovValera/analytics-system/services/market-data-collector/pkg/kafka/producer.go:158.45,161.17 3 0
github.com/YaganovValera/analytics-system/services/market-data-collector/pkg/kafka/producer.go:161.17,164.4 2 0
github.com/YaganovValera/analytics-system/services/market-data-collector/pkg/kafka/producer.go:165.3,166.13 2 0
github.com/YaganovValera/analytics-system/services/market-data-collector/pkg/kafka/producer.go:169.2,171.76 2 0
github.com/YaganovValera/analytics-system/services/market-data-collector/pkg/kafka/producer.go:171.76,177.3 5 0
github.com/YaganovValera/analytics-system/services/market-data-collector/pkg/kafka/producer.go:178.2,188.8 4 0
github.com/YaganovValera/analytics-system/services/market-data-collector/pkg/kafka/producer.go:191.93,196.42 3 1
github.com/YaganovValera/analytics-system/services/market-data-collector/pkg/kafka/producer.go:196.42,204.3 3 1
github.com/YaganovValera/analytics-system/services/market-data-collector/pkg/kafka/producer.go:206.2,210.16 4 1
github.com/YaganovValera/analytics-system/services/market-data-collector/pkg/kafka/producer.go:210.16,217.3 5 0
github.com/YaganovValera/analytics-system/services/market-data-collector/pkg/kafka/producer.go:219.2,223.12 4 1
github.com/YaganovValera/analytics-system/services/market-data-collector/pkg/kafka/producer.go:226.38,229.16 3 0
github.com/YaganovValera/analytics-system/services/market-data-collector/pkg/kafka/producer.go:229.16,232.3 2 0
github.com/YaganovValera/analytics-system/services/market-data-collector/pkg/kafka/producer.go:232.8,234.3 1 0
github.com/YaganovValera/analytics-system/services/market-data-collector/pkg/kafka/producer.go:235.2,236.12 2 0
github.com/YaganovValera/analytics-system/services/market-data-collector/pkg/kafka/producer.go:239.39,241.20 2 0
github.com/YaganovValera/analytics-system/services/market-data-collector/pkg/kafka/producer.go:241.20,243.3 1 0
github.com/YaganovValera/analytics-system/services/market-data-collector/pkg/kafka/producer.go:244.2,245.22 2 0
github.com/YaganovValera/analytics-system/services/market-data-collector/pkg/kafka/producer.go:245.22,247.3 1 0
github.com/YaganovValera/analytics-system/services/market-data-collector/pkg/kafka/producer.go:248.2,249.20 2 0
github.com/YaganovValera/analytics-system/services/market-data-collector/pkg/kafka/producer.go:249.20,251.3 1 0
github.com/YaganovValera/analytics-system/services/market-data-collector/pkg/kafka/producer.go:252.2,252.18 1 0
github.com/YaganovValera/analytics-system/services/market-data-collector/pkg/binance/ws.go:78.34,79.23 1 1
github.com/YaganovValera/analytics-system/services/market-data-collector/pkg/binance/ws.go:79.23,81.3 1 1
github.com/YaganovValera/analytics-system/services/market-data-collector/pkg/binance/ws.go:82.2,82.24 1 1
github.com/YaganovValera/analytics-system/services/market-data-collector/pkg/binance/ws.go:82.24,84.3 1 1
github.com/YaganovValera/analytics-system/services/market-data-collector/pkg/binance/ws.go:85.2,85.29 1 1
github.com/YaganovValera/analytics-system/services/market-data-collector/pkg/binance/ws.go:85.29,87.3 1 1
github.com/YaganovValera/analytics-system/services/market-data-collector/pkg/binance/ws.go:90.35,91.17 1 1
github.com/YaganovValera/analytics-system/services/market-data-collector/pkg/binance/ws.go:91.17,93.3 1 1
github.com/YaganovValera/analytics-system/services/market-data-collector/pkg/binance/ws.go:94.2,94.25 1 1
github.com/YaganovValera/analytics-system/services/market-data-collector/pkg/binance/ws.go:94.25,96.3 1 1
github.com/YaganovValera/analytics-system/services/market-data-collector/pkg/binance/ws.go:97.2,97.12 1 1
github.com/YaganovValera/analytics-system/services/market-data-collector/pkg/binance/ws.go:112.70,114.39 2 1
github.com/YaganovValera/analytics-system/services/market-data-collector/pkg/binance/ws.go:114.39,116.3 1 0
github.com/YaganovValera/analytics-system/services/market-data-collector/pkg/binance/ws.go:117.2,120.8 1 1
github.com/YaganovValera/analytics-system/services/market-data-collector/pkg/binance/ws.go:123.83,127.2 3 1
github.com/YaganovValera/analytics-system/services/market-data-collector/pkg/binance/ws.go:129.42,132.25 3 0
github.com/YaganovValera/analytics-system/services/market-data-collector/pkg/binance/ws.go:132.25,134.3 1 0
github.com/YaganovValera/analytics-system/services/market-data-collector/pkg/binance/ws.go:135.2,135.19 1 0
github.com/YaganovValera/analytics-system/services/market-data-collector/pkg/binance/ws.go:135.19,137.3 1 0
github.com/YaganovValera/analytics-system/services/market-data-collector/pkg/binance/ws.go:138.2,139.12 2 0
github.com/YaganovValera/analytics-system/services/market-data-collector/pkg/binance/ws.go:142.75,144.6 2 1
github.com/YaganovValera/analytics-system/services/market-data-collector/pkg/binance/ws.go:144.6,146.42 1 1
github.com/YaganovValera/analytics-system/services/market-data-collector/pkg/binance/ws.go:146.42,149.4 2 1
github.com/YaganovValera/analytics-system/services/market-data-collector/pkg/binance/ws.go:152.3,157.17 5 1
github.com/YaganovValera/analytics-system/services/market-data-collector/pkg/binance/ws.go:157.17,161.4 3 0
github.com/YaganovValera/analytics-system/services/market-data-collector/pkg/binance/ws.go:163.3,175.42 9 1
github.com/YaganovValera/analytics-system/services/market-data-collector/pkg/binance/ws.go:175.42,179.4 3 0
github.com/YaganovValera/analytics-system/services/market-data-collector/pkg/binance/ws.go:180.3,181.93 2 1
github.com/YaganovValera/analytics-system/services/market-data-collector/pkg/binance/ws.go:181.93,183.4 1 1
github.com/YaganovValera/analytics-system/services/market-data-collector/pkg/binance/ws.go:184.3,185.17 2 1
github.com/YaganovValera/analytics-system/services/market-data-collector/pkg/binance/ws.go:185.17,191.4 5 0
github.com/YaganovValera/analytics-system/services/market-data-collector/pkg/binance/ws.go:194.3,195.55 2 1
github.com/YaganovValera/analytics-system/services/market-data-collector/pkg/binance/ws.go:195.55,200.4 4 1
github.com/YaganovValera/analytics-system/services/market-data-collector/pkg/binance/ws.go:201.3,205.19 3 1
github.com/YaganovValera/analytics-system/services/market-data-collector/pkg/binance/ws.go:209.82,211.90 2 1
github.com/YaganovValera/analytics-system/services/market-data-collector/pkg/binance/ws.go:211.90,215.3 3 1
github.com/YaganovValera/analytics-system/services/market-data-collector/pkg/binance/ws.go:216.2,216.18 1 1
github.com/YaganovValera/analytics-system/services/market-data-collector/pkg/binance/ws.go:219.102,221.41 2 1
github.com/YaganovValera/analytics-system/services/market-data-collector/pkg/binance/ws.go:221.41,223.3 1 0
github.com/YaganovValera/analytics-system/services/market-data-collector/pkg/binance/ws.go:225.2,227.12 3 1
github.com/YaganovValera/analytics-system/services/market-data-collector/pkg/binance/ws.go:227.12,229.7 2 1
github.com/YaganovValera/analytics-system/services/market-data-collector/pkg/binance/ws.go:229.7,230.11 1 1
github.com/YaganovValera/analytics-system/services/market-data-collector/pkg/binance/ws.go:231.26,232.11 1 1
github.com/YaganovValera/analytics-system/services/market-data-collector/pkg/binance/ws.go:233.20,235.104 2 0
github.com/YaganovValera/analytics-system/services/market-data-collector/pkg/binance/ws.go:235.104,238.6 2 0
github.com/YaganovValera/analytics-system/services/market-data-collector/pkg/binance/ws.go:242.2,242.15 1 1
github.com/YaganovValera/analytics-system/services/market-data-collector/pkg/binance/ws.go:245.87,246.34 1 1
github.com/YaganovValera/analytics-system/services/market-data-collector/pkg/binance/ws.go:246.34,248.3 1 0
github.com/YaganovValera/analytics-system/services/market-data-collector/pkg/binance/ws.go:249.2,256.28 4 1
github.com/YaganovValera/analytics-system/services/market-data-collector/pkg/binance/ws.go:259.108,260.6 1 1
github.com/YaganovValera/analytics-system/services/market-data-collector/pkg/binance/ws.go:260.6,261.35 1 1
github.com/YaganovValera/analytics-system/services/market-data-collector/pkg/binance/ws.go:261.35,263.4 1 1
github.com/YaganovValera/analytics-system/services/market-data-collector/pkg/binance/ws.go:264.3,265.17 2 1
github.com/YaganovValera/analytics-system/services/market-data-collector/pkg/binance/ws.go:265.17,267.4 1 1
github.com/YaganovValera/analytics-system/services/market-data-collector/pkg/binance/ws.go:268.3,273.53 3 1
github.com/YaganovValera/analytics-system/services/market-data-collector/pkg/binance/ws.go:273.53,275.12 2 0
github.com/YaganovValera/analytics-system/services/market-data-collector/pkg/binance/ws.go:278.3,282.77 3 1
github.com/YaganovValera/analytics-system/services/market-data-collector/pkg/binance/ws.go:282.77,284.4 1 1
github.com/YaganovValera/analytics-system/services/market-data-collector/pkg/binance/ws.go:286.3,286.10 1 1
github.com/YaganovValera/analytics-system/services/market-data-collector/pkg/binance/ws.go:287.56,287.56 0 1
github.com/YaganovValera/analytics-system/services/market-data-collector/pkg/binance/ws.go:288.11,290.80 2 0
